Arguments: 
  /usr/bin/node /usr/local/bin/yarn publish --access public

PATH: 
  /home/lawaloladipupo/countdowntimer/node_modules/.bin:/usr/local/sbin:/usr/local/bin:/usr/sbin:/usr/bin:/sbin:/bin:/usr/games:/usr/local/games:/snap/bin:/home/lawaloladipupo/.composer/vendor/bin:/home/lawaloladipupo/android-studio-ide-171.4443003-linux/android-studio/bin

Yarn version: 
  1.12.3

Node version: 
  8.10.0

Platform: 
  linux x64

Trace: 
  Error: https://registry.yarnpkg.com/-/user/org.couchdb.user:horlarme: That email has already been registered.
      at Request.params.callback [as _callback] (/usr/local/lib/node_modules/yarn/lib/cli.js:65894:18)
      at Request.self.callback (/usr/local/lib/node_modules/yarn/lib/cli.js:129018:22)
      at emitTwo (events.js:126:13)
      at Request.emit (events.js:214:7)
      at Request.<anonymous> (/usr/local/lib/node_modules/yarn/lib/cli.js:129990:10)
      at emitOne (events.js:116:13)
      at Request.emit (events.js:211:7)
      at IncomingMessage.<anonymous> (/usr/local/lib/node_modules/yarn/lib/cli.js:129912:12)
      at Object.onceWrapper (events.js:313:30)
      at emitNone (events.js:111:20)

npm manifest: 
  {
    "name": "@horlarme/countdowntimer",
    "version": "1.0.0",
    "description": "Start a countdown timer with ease.",
    "main": "index.js",
    "repository": "git@github.com:horlarme/countdowntimer.git",
    "author": "Lawal Oladipupo <lawaloladipupo@outlook.com>",
    "license": "MIT"
  }

yarn manifest: 
  No manifest

Lockfile: 
  # THIS IS AN AUTOGENERATED FILE. DO NOT EDIT THIS FILE DIRECTLY.
  # yarn lockfile v1
